1575896311.562406327:start:download            : toolchain-external
1575896311.568654265:end  :download            : toolchain-external
1575896311.596513849:start:download            : host-skeleton
1575896311.610564633:end  :download            : host-skeleton
1575896311.641919814:start:download            : skeleton
1575896311.645233495:end  :download            : skeleton
1575896311.663630773:start:download            : skeleton-init-sysv
1575896312.397962130:end  :download            : skeleton-init-sysv
1575896312.410599304:start:download            : skeleton-init-common
1575896312.413492049:end  :download            : skeleton-init-common
1575896312.451009519:start:download            : toolchain-external-custom
1575896312.463818314:end  :download            : toolchain-external-custom
1575896312.495867723:start:download            : toolchain
1575896312.502503309:end  :download            : toolchain
1575896312.553179203:start:download            : busybox
1575896312.638306125:end  :download            : busybox
1575896312.674460377:start:download            : iproute2
1575896312.771914176:end  :download            : iproute2
1575896312.808868899:start:download            : host-bison
1575896312.915510064:end  :download            : host-bison
1575896312.939660782:start:download            : host-m4
1575896313.010444903:end  :download            : host-m4
1575896313.036945508:start:download            : host-flex
1575896313.191364021:end  :download            : host-flex
1575896313.215103341:start:download            : host-autoconf
1575896313.283536626:end  :download            : host-autoconf
1575896313.310585849:start:download            : host-libtool
1575896313.372662458:end  :download            : host-libtool
1575896313.410686067:start:download            : host-automake
1575896313.471750413:end  :download            : host-automake
1575896313.499390765:start:download            : host-gettext
1575896313.626923380:end  :download            : host-gettext
1575896313.644577789:start:download            : host-libxml2
1575896313.812713975:end  :download            : host-libxml2
1575896313.831978885:start:download            : host-pkgconf
1575896313.848039195:end  :download            : host-pkgconf
1575896313.871550027:start:download            : iptables
1575896313.908352958:end  :download            : iptables
1575896313.924310411:start:download            : mtd
1575896313.946360356:end  :download            : mtd
1575896313.962330581:start:download            : ntp
1575896314.026689496:end  :download            : ntp
1575896314.044421814:start:download            : libevent
1575896314.068418101:end  :download            : libevent
1575896314.091114676:start:download            : dhcp
1575896314.167750367:end  :download            : dhcp
1575896314.185552313:start:download            : dropbear
1575896314.218876587:end  :download            : dropbear
1575896314.254467188:start:download            : host-dtc
1575896314.268848031:end  :download            : host-dtc
1575896314.284062919:start:download            : gdb
1575896314.576193498:end  :download            : gdb
1575896314.592456334:start:download            : zlib
1575896314.596645079:end  :download            : zlib
1575896314.610237661:start:download            : libzlib
1575896314.623042324:end  :download            : libzlib
1575896314.634058644:start:download            : host-gdb
1575896314.698261587:end  :download            : host-gdb
1575896314.710758615:start:download            : host-expat
1575896314.838142007:end  :download            : host-expat
1575896314.857726523:start:download            : host-ncurses
1575896314.937174256:end  :download            : host-ncurses
1575896314.952873268:start:download            : hiawatha
1575896314.994870677:end  :download            : hiawatha
1575896315.019464323:start:download            : mbedtls
1575896315.058455785:end  :download            : mbedtls
1575896315.074327760:start:download            : ifupdown-scripts
1575896315.078061103:end  :download            : ifupdown-scripts
1575896315.092286123:start:download            : initscripts
1575896315.095596542:end  :download            : initscripts
1575896315.105755673:start:download            : json-c
1575896315.121509602:end  :download            : json-c
1575896315.131145502:start:download            : libcurl
1575896315.159958798:end  :download            : libcurl
1575896315.171998208:start:download            : libssh2
1575896315.196253619:end  :download            : libssh2
1575896315.211970805:start:download            : libfcgi
1575896315.238888884:end  :download            : libfcgi
1575896315.260273253:start:download            : libnet
1575896315.287355392:end  :download            : libnet
1575896315.302877862:start:download            : libunwind
1575896315.361549900:end  :download            : libunwind
1575896315.385193274:start:download            : libupnp
1575896315.400802705:end  :download            : libupnp
1575896315.414540220:start:download            : netsnmp
1575896315.520948647:end  :download            : netsnmp
1575896315.551880145:start:download            : host-patchelf
1575896315.594581076:end  :download            : host-patchelf
1575896315.616383681:start:download            : strace
1575896315.837034565:end  :download            : strace
1575896315.858742019:start:download            : uboot-tools
1575896315.954712086:end  :download            : uboot-tools
1575896315.973566246:start:download            : host-uboot-tools
1575896316.076745016:end  :download            : host-uboot-tools
1575896316.094243000:start:download            : xz-embedded
1575896316.104523435:end  :download            : xz-embedded
1575896316.121368303:start:download            : host-squashfs
1575896316.134454524:end  :download            : host-squashfs
1575896316.154131160:start:download            : host-lz4
1575896316.168731383:end  :download            : host-lz4
1575896316.181626587:start:download            : host-lzo
1575896316.199425555:end  :download            : host-lzo
1575896316.209905122:start:download            : host-xz
1575896316.225382260:end  :download            : host-xz
1575896316.237961784:start:download            : host-zlib
1575896316.241534170:end  :download            : host-zlib
1575896316.251578619:start:download            : host-libzlib
1575896316.263714086:end  :download            : host-libzlib
1575896316.272520524:start:download            : host-zstd
1575896316.298078338:end  :download            : host-zstd
1575896316.312273709:start:download            : host-fakeroot
1575896316.331856164:end  :download            : host-fakeroot
1575896316.344076604:start:download            : host-acl
1575896316.361765931:end  :download            : host-acl
1575896316.374155383:start:download            : host-attr
1575896316.391930763:end  :download            : host-attr
1575896316.403236379:start:download            : host-makedevs
1575896316.417905436:end  :download            : host-makedevs
